This is pdfTeX, Version 3.14159265-2.6-1.40.20 (TeX Live 2019/Debian) (preloaded format=pdflatex 2020.8.4)  16 FEB 2021 20:31
entering extended mode
 restricted \write18 enabled.
 %&-line parsing enabled.
**paper.ltx
(./paper.ltx
LaTeX2e <2020-02-02> patch level 2
L3 programming layer <2020-02-14>
(/home/tharit/texmf/tex/latex/seg/geophysics.cls
Document Class: geophysics 2007/02/14 v3.0 Geophysics paper
(/usr/share/texlive/texmf-dist/tex/latex/base/ifthen.sty
Package: ifthen 2014/09/29 v1.1c Standard LaTeX ifthen package (DPC)
)
(/usr/share/texlive/texmf-dist/tex/latex/base/article.cls
Document Class: article 2019/12/20 v1.4l Standard LaTeX document class
(/usr/share/texlive/texmf-dist/tex/latex/base/size12.clo
File: size12.clo 2019/12/20 v1.4l Standard LaTeX file (size option)
)
\c@part=\count167
\c@section=\count168
\c@subsection=\count169
\c@subsubsection=\count170
\c@paragraph=\count171
\c@subparagraph=\count172
\c@figure=\count173
\c@table=\count174
\abovecaptionskip=\skip47
\belowcaptionskip=\skip48
\bibindent=\dimen134
)
(/home/tharit/texmf/tex/latex/seg/seg.sty
(/usr/share/texlive/texmf-dist/tex/generic/iftex/ifpdf.sty
Package: ifpdf 2019/10/25 v3.4 ifpdf legacy package. Use iftex instead.

(/usr/share/texlive/texmf-dist/tex/generic/iftex/iftex.sty
Package: iftex 2019/11/07 v1.0c TeX engine tests
))
(/usr/share/texlive/texmf-dist/tex/latex/graphics/graphicx.sty
Package: graphicx 2019/11/30 v1.2a Enhanced LaTeX Graphics (DPC,SPQR)

(/usr/share/texlive/texmf-dist/tex/latex/graphics/keyval.sty
Package: keyval 2014/10/28 v1.15 key=value parser (DPC)
\KV@toks@=\toks14
)
(/usr/share/texlive/texmf-dist/tex/latex/graphics/graphics.sty
Package: graphics 2019/11/30 v1.4a Standard LaTeX Graphics (DPC,SPQR)

(/usr/share/texlive/texmf-dist/tex/latex/graphics/trig.sty
Package: trig 2016/01/03 v1.10 sin cos tan (DPC)
)
(/usr/share/texlive/texmf-dist/tex/latex/graphics-cfg/graphics.cfg
File: graphics.cfg 2016/06/04 v1.11 sample graphics configuration
)
Package graphics Info: Driver file: pdftex.def on input line 105.

(/usr/share/texlive/texmf-dist/tex/latex/graphics-def/pdftex.def
File: pdftex.def 2018/01/08 v1.0l Graphics/color driver for pdftex
))
\Gin@req@height=\dimen135
\Gin@req@width=\dimen136
)
(/usr/share/texlive/texmf-dist/tex/latex/tools/verbatim.sty
Package: verbatim 2019/11/10 v1.5r LaTeX2e package for verbatim enhancements
\every@verbatim=\toks15
\verbatim@line=\toks16
\verbatim@in@stream=\read2
)
(/usr/share/texlive/texmf-dist/tex/latex/moreverb/moreverb.sty
Package: moreverb 2008/06/03 v2.3a `more' verbatim facilities
\tab@position=\count175
\tab@size=\count176
\listing@line=\count177
))
(/usr/share/texlive/texmf-dist/tex/latex/graphics/rotating.sty
Package: rotating 2016/08/11 v2.16d rotated objects in LaTeX
\c@r@tfl@t=\count178
\rotFPtop=\skip49
\rotFPbot=\skip50
\rot@float@box=\box45
\rot@mess@toks=\toks17
)
\c@@plots=\count179

(/usr/share/texlive/texmf-dist/tex/latex/subfig/subfig.sty
Package: subfig 2005/06/28 ver: 1.3 subfig package

(/usr/share/texlive/texmf-dist/tex/latex/caption/caption.sty
Package: caption 2020/01/03 v3.4h Customizing captions (AR)

(/usr/share/texlive/texmf-dist/tex/latex/caption/caption3.sty
Package: caption3 2020/01/03 v1.8h caption3 kernel (AR)
Package caption3 Info: TeX engine: e-TeX on input line 61.
\captionmargin=\dimen137
\captionmargin@=\dimen138
\captionwidth=\dimen139
\caption@tempdima=\dimen140
\caption@indent=\dimen141
\caption@parindent=\dimen142
\caption@hangindent=\dimen143
Package caption Info: Standard document class detected.
)
\c@caption@flags=\count180
\c@continuedfloat=\count181
Package caption Info: rotating package is loaded.
)
\c@KVtest=\count182
\sf@farskip=\skip51
\sf@captopadj=\dimen144
\sf@capskip=\skip52
\sf@nearskip=\skip53
\c@subfigure=\count183
\c@subfigure@save=\count184
\c@lofdepth=\count185
\c@subtable=\count186
\c@subtable@save=\count187
\c@lotdepth=\count188
\sf@top=\skip54
\sf@bottom=\skip55
)
\c@sub@fig=\count189
\c@@tabls=\count190

(/usr/share/texlive/texmf-dist/tex/latex/natbib/natbib.sty
Package: natbib 2010/09/13 8.31b (PWD, AO)
\bibhang=\skip56
\bibsep=\skip57
LaTeX Info: Redefining \cite on input line 694.
\c@NAT@ctr=\count191
)
LaTeX Info: Redefining \refname on input line 328.
\seg@abstract=\box46
\c@@append=\count192
)
(/usr/share/texlive/texmf-dist/tex/latex/amsmath/amsmath.sty
Package: amsmath 2020/01/20 v2.17e AMS math features
\@mathmargin=\skip58

For additional information on amsmath, use the `?' option.
(/usr/share/texlive/texmf-dist/tex/latex/amsmath/amstext.sty
Package: amstext 2000/06/29 v2.01 AMS text

(/usr/share/texlive/texmf-dist/tex/latex/amsmath/amsgen.sty
File: amsgen.sty 1999/11/30 v2.0 generic functions
\@emptytoks=\toks18
\ex@=\dimen145
))
(/usr/share/texlive/texmf-dist/tex/latex/amsmath/amsbsy.sty
Package: amsbsy 1999/11/29 v1.2d Bold Symbols
\pmbraise@=\dimen146
)
(/usr/share/texlive/texmf-dist/tex/latex/amsmath/amsopn.sty
Package: amsopn 2016/03/08 v2.02 operator names
)
\inf@bad=\count193
LaTeX Info: Redefining \frac on input line 227.
\uproot@=\count194
\leftroot@=\count195
LaTeX Info: Redefining \overline on input line 389.
\classnum@=\count196
\DOTSCASE@=\count197
LaTeX Info: Redefining \ldots on input line 486.
LaTeX Info: Redefining \dots on input line 489.
LaTeX Info: Redefining \cdots on input line 610.
\Mathstrutbox@=\box47
\strutbox@=\box48
\big@size=\dimen147
LaTeX Font Info:    Redeclaring font encoding OML on input line 733.
LaTeX Font Info:    Redeclaring font encoding OMS on input line 734.
\macc@depth=\count198
\c@MaxMatrixCols=\count199
\dotsspace@=\muskip16
\c@parentequation=\count266
\dspbrk@lvl=\count267
\tag@help=\toks19
\row@=\count268
\column@=\count269
\maxfields@=\count270
\andhelp@=\toks20
\eqnshift@=\dimen148
\alignsep@=\dimen149
\tagshift@=\dimen150
\tagwidth@=\dimen151
\totwidth@=\dimen152
\lineht@=\dimen153
\@envbody=\toks21
\multlinegap=\skip59
\multlinetaggap=\skip60
\mathdisplay@stack=\toks22
LaTeX Info: Redefining \[ on input line 2859.
LaTeX Info: Redefining \] on input line 2860.
)
(/usr/share/texlive/texmf-dist/tex/latex/amsfonts/amsfonts.sty
Package: amsfonts 2013/01/14 v3.01 Basic AMSFonts support
\symAMSa=\mathgroup4
\symAMSb=\mathgroup5
LaTeX Font Info:    Redeclaring math symbol \hbar on input line 98.
LaTeX Font Info:    Overwriting math alphabet `\mathfrak' in version `bold'
(Font)                  U/euf/m/n --> U/euf/b/n on input line 106.
)
(/usr/share/texlive/texmf-dist/tex/latex/l3backend/l3backend-pdfmode.def
File: l3backend-pdfmode.def 2020-02-03 L3 backend support: PDF mode
\l__kernel_color_stack_int=\count271
\l__pdf_internal_box=\box49
)
(./paper.aux)
\openout1 = `paper.aux'.

LaTeX Font Info:    Checking defaults for OML/cmm/m/it on input line 9.
LaTeX Font Info:    ... okay on input line 9.
LaTeX Font Info:    Checking defaults for OMS/cmsy/m/n on input line 9.
LaTeX Font Info:    ... okay on input line 9.
LaTeX Font Info:    Checking defaults for OT1/cmr/m/n on input line 9.
LaTeX Font Info:    ... okay on input line 9.
LaTeX Font Info:    Checking defaults for T1/cmr/m/n on input line 9.
LaTeX Font Info:    ... okay on input line 9.
LaTeX Font Info:    Checking defaults for TS1/cmr/m/n on input line 9.
LaTeX Font Info:    ... okay on input line 9.
LaTeX Font Info:    Checking defaults for OMX/cmex/m/n on input line 9.
LaTeX Font Info:    ... okay on input line 9.
LaTeX Font Info:    Checking defaults for U/cmr/m/n on input line 9.
LaTeX Font Info:    ... okay on input line 9.

(/usr/share/texlive/texmf-dist/tex/context/base/mkii/supp-pdf.mkii
[Loading MPS to PDF converter (version 2006.09.02).]
\scratchcounter=\count272
\scratchdimen=\dimen154
\scratchbox=\box50
\nofMPsegments=\count273
\nofMParguments=\count274
\everyMPshowfont=\toks23
\MPscratchCnt=\count275
\MPscratchDim=\dimen155
\MPnumerator=\count276
\makeMPintoPDFobject=\count277
\everyMPtoPDFconversion=\toks24
) (/usr/share/texlive/texmf-dist/tex/latex/epstopdf-pkg/epstopdf-base.sty
Package: epstopdf-base 2020-01-24 v2.11 Base part for package epstopdf
Package epstopdf-base Info: Redefining graphics rule for `.eps' on input line 4
85.

(/usr/share/texlive/texmf-dist/tex/latex/latexconfig/epstopdf-sys.cfg
File: epstopdf-sys.cfg 2010/07/13 v1.3 Configuration of (r)epstopdf for TeX Liv
e
))
Package caption Info: Begin \AtBeginDocument code.
Package caption Info: subfig package v1.3 is loaded.
Package caption Info: End \AtBeginDocument code.
LaTeX Font Info:    Trying to load font information for U+msa on input line 12.


(/usr/share/texlive/texmf-dist/tex/latex/amsfonts/umsa.fd
File: umsa.fd 2013/01/14 v3.01 AMS symbols A
)
LaTeX Font Info:    Trying to load font information for U+msb on input line 12.


(/usr/share/texlive/texmf-dist/tex/latex/amsfonts/umsb.fd
File: umsb.fd 2013/01/14 v3.01 AMS symbols B
)
<../chapter-lsrtm/pre/Fig/bshots45.pdf, id=1, 846.16125pt x 716.6775pt>
File: ../chapter-lsrtm/pre/Fig/bshots45.pdf Graphic file (type pdf)
<use ../chapter-lsrtm/pre/Fig/bshots45.pdf>
Package pdftex.def Info: ../chapter-lsrtm/pre/Fig/bshots45.pdf  used on input l
ine 28.
(pdftex.def)             Requested size: 433.62pt x 367.26132pt.
<../chapter-lsrtm/pre/Fig/vel-mig.pdf, id=2, 872.29887pt x 686.565pt>
File: ../chapter-lsrtm/pre/Fig/vel-mig.pdf Graphic file (type pdf)
<use ../chapter-lsrtm/pre/Fig/vel-mig.pdf>
Package pdftex.def Info: ../chapter-lsrtm/pre/Fig/vel-mig.pdf  used on input li
ne 29.
(pdftex.def)             Requested size: 433.62pt x 341.29118pt.
<../chapter-lsrtm/pre/Fig/bmig1_45.pdf, id=3, 825.3234pt x 686.565pt>
File: ../chapter-lsrtm/pre/Fig/bmig1_45.pdf Graphic file (type pdf)
<use ../chapter-lsrtm/pre/Fig/bmig1_45.pdf>
Package pdftex.def Info: ../chapter-lsrtm/pre/Fig/bmig1_45.pdf  used on input l
ine 30.
(pdftex.def)             Requested size: 433.62pt x 360.71393pt.
<../chapter-lsrtm/pre/Fig/iw-2d.pdf, id=4, 872.29887pt x 679.33798pt>
File: ../chapter-lsrtm/pre/Fig/iw-2d.pdf Graphic file (type pdf)
<use ../chapter-lsrtm/pre/Fig/iw-2d.pdf>
Package pdftex.def Info: ../chapter-lsrtm/pre/Fig/iw-2d.pdf  used on input line
 31.
(pdftex.def)             Requested size: 433.62pt x 337.69864pt.
<../chapter-lsrtm/pre/Fig/iwf-2d.pdf, id=5, 872.29887pt x 679.33798pt>
File: ../chapter-lsrtm/pre/Fig/iwf-2d.pdf Graphic file (type pdf)
<use ../chapter-lsrtm/pre/Fig/iwf-2d.pdf>
Package pdftex.def Info: ../chapter-lsrtm/pre/Fig/iwf-2d.pdf  used on input lin
e 32.
(pdftex.def)             Requested size: 433.62pt x 337.69864pt.
<../chapter-lsrtm/pre/Fig/decon-2d.pdf, id=6, 825.3234pt x 686.565pt>
File: ../chapter-lsrtm/pre/Fig/decon-2d.pdf Graphic file (type pdf)
<use ../chapter-lsrtm/pre/Fig/decon-2d.pdf>
Package pdftex.def Info: ../chapter-lsrtm/pre/Fig/decon-2d.pdf  used on input l
ine 33.
(pdftex.def)             Requested size: 433.62pt x 360.71393pt.
<../chapter-lsrtm/pre/Fig/cgrad_out0.pdf, id=7, 825.3234pt x 679.33798pt>
File: ../chapter-lsrtm/pre/Fig/cgrad_out0.pdf Graphic file (type pdf)
<use ../chapter-lsrtm/pre/Fig/cgrad_out0.pdf>
Package pdftex.def Info: ../chapter-lsrtm/pre/Fig/cgrad_out0.pdf  used on input
 line 34.
(pdftex.def)             Requested size: 433.62pt x 356.91693pt.
<../chapter-lsrtm/pre/Fig/pcgrad_out0.pdf, id=8, 825.3234pt x 679.33798pt>
File: ../chapter-lsrtm/pre/Fig/pcgrad_out0.pdf Graphic file (type pdf)
<use ../chapter-lsrtm/pre/Fig/pcgrad_out0.pdf>
Package pdftex.def Info: ../chapter-lsrtm/pre/Fig/pcgrad_out0.pdf  used on inpu
t line 35.
(pdftex.def)             Requested size: 433.62pt x 356.91693pt.
<../chapter-lsrtm/pre/Fig/spec.pdf, id=9, 821.70992pt x 682.95152pt>
File: ../chapter-lsrtm/pre/Fig/spec.pdf Graphic file (type pdf)
<use ../chapter-lsrtm/pre/Fig/spec.pdf>
Package pdftex.def Info: ../chapter-lsrtm/pre/Fig/spec.pdf  used on input line 
36.
(pdftex.def)             Requested size: 433.62pt x 360.39943pt.
<../chapter-lsrtm/pre/Fig/z-ls.pdf, id=10, 915.66089pt x 346.89601pt>
File: ../chapter-lsrtm/pre/Fig/z-ls.pdf Graphic file (type pdf)
<use ../chapter-lsrtm/pre/Fig/z-ls.pdf>
Package pdftex.def Info: ../chapter-lsrtm/pre/Fig/z-ls.pdf  used on input line 
37.
(pdftex.def)             Requested size: 433.62pt x 164.27446pt.
<../chapter-lsrtm/pre/Fig/z-ls2.pdf, id=11, 913.49281pt x 346.89601pt>
File: ../chapter-lsrtm/pre/Fig/z-ls2.pdf Graphic file (type pdf)
<use ../chapter-lsrtm/pre/Fig/z-ls2.pdf>
Package pdftex.def Info: ../chapter-lsrtm/pre/Fig/z-ls2.pdf  used on input line
 38.
(pdftex.def)             Requested size: 433.62pt x 164.66615pt.
<../chapter-lsrtm/pre/Fig/z-ls3.pdf, id=12, 915.66089pt x 346.89601pt>
File: ../chapter-lsrtm/pre/Fig/z-ls3.pdf Graphic file (type pdf)
<use ../chapter-lsrtm/pre/Fig/z-ls3.pdf>
Package pdftex.def Info: ../chapter-lsrtm/pre/Fig/z-ls3.pdf  used on input line
 39.
(pdftex.def)             Requested size: 433.62pt x 164.27446pt.
<../chapter-lsrtm/pre/Fig/z-salt.pdf, id=13, 942.4008pt x 235.6002pt>
File: ../chapter-lsrtm/pre/Fig/z-salt.pdf Graphic file (type pdf)
<use ../chapter-lsrtm/pre/Fig/z-salt.pdf>
Package pdftex.def Info: ../chapter-lsrtm/pre/Fig/z-salt.pdf  used on input lin
e 40.
(pdftex.def)             Requested size: 433.62pt x 108.40616pt.
<../chapter-lsrtm/pre/Fig/cgrad_out0_100.pdf, id=14, 825.3234pt x 679.33798pt>
File: ../chapter-lsrtm/pre/Fig/cgrad_out0_100.pdf Graphic file (type pdf)
<use ../chapter-lsrtm/pre/Fig/cgrad_out0_100.pdf>
Package pdftex.def Info: ../chapter-lsrtm/pre/Fig/cgrad_out0_100.pdf  used on i
nput line 41.
(pdftex.def)             Requested size: 433.62pt x 356.91693pt.
<../chapter-lsrtm/pre/Fig/pcgrad_out0_100.pdf, id=15, 825.3234pt x 679.33798pt>

File: ../chapter-lsrtm/pre/Fig/pcgrad_out0_100.pdf Graphic file (type pdf)
<use ../chapter-lsrtm/pre/Fig/pcgrad_out0_100.pdf>
Package pdftex.def Info: ../chapter-lsrtm/pre/Fig/pcgrad_out0_100.pdf  used on 
input line 42.
(pdftex.def)             Requested size: 433.62pt x 356.91693pt.
<../chapter-lsrtm/pre/Fig/dres_lsrtm100.pdf, id=16, 837.60928pt x 677.16992pt>
File: ../chapter-lsrtm/pre/Fig/dres_lsrtm100.pdf Graphic file (type pdf)
<use ../chapter-lsrtm/pre/Fig/dres_lsrtm100.pdf>
Package pdftex.def Info: ../chapter-lsrtm/pre/Fig/dres_lsrtm100.pdf  used on in
put line 43.
(pdftex.def)             Requested size: 433.62pt x 350.55981pt.
 [1

{/var/lib/texmf/fonts/map/pdftex/updmap/pdftex.map} <../chapter-lsrtm/pre/Fig/b
shots45.pdf>]
[2 <../chapter-lsrtm/pre/Fig/vel-mig.pdf>] [3 <../chapter-lsrtm/pre/Fig/bmig1_4
5.pdf>] [4 <../chapter-lsrtm/pre/Fig/iw-2d.pdf>] [5 <../chapter-lsrtm/pre/Fig/i
wf-2d.pdf>] [6 <../chapter-lsrtm/pre/Fig/decon-2d.pdf>] [7 <../chapter-lsrtm/pr
e/Fig/cgrad_out0.pdf>] [8 <../chapter-lsrtm/pre/Fig/pcgrad_out0.pdf>] [9 <../ch
apter-lsrtm/pre/Fig/spec.pdf> <../chapter-lsrtm/pre/Fig/z-ls.pdf>] [10 <../chap
ter-lsrtm/pre/Fig/z-ls2.pdf> <../chapter-lsrtm/pre/Fig/z-ls3.pdf> <../chapter-l
srtm/pre/Fig/z-salt.pdf>] [11 <../chapter-lsrtm/pre/Fig/cgrad_out0_100.pdf>]
[12 <../chapter-lsrtm/pre/Fig/pcgrad_out0_100.pdf>] [13 <../chapter-lsrtm/pre/F
ig/dres_lsrtm100.pdf>] (./paper.aux) ) 
Here is how much of TeX's memory you used:
 3995 strings out of 483140
 61773 string characters out of 5965152
 296139 words of memory out of 5000000
 18964 multiletter control sequences out of 15000+600000
 540562 words of font info for 56 fonts, out of 8000000 for 9000
 36 hyphenation exceptions out of 8191
 60i,7n,54p,281b,341s stack positions out of 5000i,500n,10000p,200000b,80000s
</usr/share/texlive/texmf-dist/fonts/type
1/public/amsfonts/cm/cmbx12.pfb></usr/share/texlive/texmf-dist/fonts/type1/publ
ic/amsfonts/cm/cmbx8.pfb></usr/share/texlive/texmf-dist/fonts/type1/public/amsf
onts/cm/cmr10.pfb></usr/share/texlive/texmf-dist/fonts/type1/public/amsfonts/cm
/cmr12.pfb></usr/share/texlive/texmf-dist/fonts/type1/public/amsfonts/cm/cmsy8.
pfb>
Output written on paper.pdf (13 pages, 2194841 bytes).
PDF statistics:
 134 PDF objects out of 1000 (max. 8388607)
 78 compressed objects within 1 object stream
 0 named destinations out of 1000 (max. 500000)
 81 words of extra memory for PDF output out of 10000 (max. 10000000)

