This is pdfTeX, Version 3.14159265-2.6-1.40.20 (TeX Live 2019/Debian) (preloaded format=pdflatex 2020.8.4)  16 FEB 2021 20:12
entering extended mode
 restricted \write18 enabled.
 %&-line parsing enabled.
**paper.ltx
(./paper.ltx
LaTeX2e <2020-02-02> patch level 2
L3 programming layer <2020-02-14>
(/home/tharit/texmf/tex/latex/seg/geophysics.cls
Document Class: geophysics 2007/02/14 v3.0 Geophysics paper
(/usr/share/texlive/texmf-dist/tex/latex/base/ifthen.sty
Package: ifthen 2014/09/29 v1.1c Standard LaTeX ifthen package (DPC)
)
(/usr/share/texlive/texmf-dist/tex/latex/base/article.cls
Document Class: article 2019/12/20 v1.4l Standard LaTeX document class
(/usr/share/texlive/texmf-dist/tex/latex/base/size12.clo
File: size12.clo 2019/12/20 v1.4l Standard LaTeX file (size option)
)
\c@part=\count167
\c@section=\count168
\c@subsection=\count169
\c@subsubsection=\count170
\c@paragraph=\count171
\c@subparagraph=\count172
\c@figure=\count173
\c@table=\count174
\abovecaptionskip=\skip47
\belowcaptionskip=\skip48
\bibindent=\dimen134
)
(/home/tharit/texmf/tex/latex/seg/seg.sty
(/usr/share/texlive/texmf-dist/tex/generic/iftex/ifpdf.sty
Package: ifpdf 2019/10/25 v3.4 ifpdf legacy package. Use iftex instead.

(/usr/share/texlive/texmf-dist/tex/generic/iftex/iftex.sty
Package: iftex 2019/11/07 v1.0c TeX engine tests
))
(/usr/share/texlive/texmf-dist/tex/latex/graphics/graphicx.sty
Package: graphicx 2019/11/30 v1.2a Enhanced LaTeX Graphics (DPC,SPQR)

(/usr/share/texlive/texmf-dist/tex/latex/graphics/keyval.sty
Package: keyval 2014/10/28 v1.15 key=value parser (DPC)
\KV@toks@=\toks14
)
(/usr/share/texlive/texmf-dist/tex/latex/graphics/graphics.sty
Package: graphics 2019/11/30 v1.4a Standard LaTeX Graphics (DPC,SPQR)

(/usr/share/texlive/texmf-dist/tex/latex/graphics/trig.sty
Package: trig 2016/01/03 v1.10 sin cos tan (DPC)
)
(/usr/share/texlive/texmf-dist/tex/latex/graphics-cfg/graphics.cfg
File: graphics.cfg 2016/06/04 v1.11 sample graphics configuration
)
Package graphics Info: Driver file: pdftex.def on input line 105.

(/usr/share/texlive/texmf-dist/tex/latex/graphics-def/pdftex.def
File: pdftex.def 2018/01/08 v1.0l Graphics/color driver for pdftex
))
\Gin@req@height=\dimen135
\Gin@req@width=\dimen136
)
(/usr/share/texlive/texmf-dist/tex/latex/tools/verbatim.sty
Package: verbatim 2019/11/10 v1.5r LaTeX2e package for verbatim enhancements
\every@verbatim=\toks15
\verbatim@line=\toks16
\verbatim@in@stream=\read2
)
(/usr/share/texlive/texmf-dist/tex/latex/moreverb/moreverb.sty
Package: moreverb 2008/06/03 v2.3a `more' verbatim facilities
\tab@position=\count175
\tab@size=\count176
\listing@line=\count177
))
(/usr/share/texlive/texmf-dist/tex/latex/graphics/rotating.sty
Package: rotating 2016/08/11 v2.16d rotated objects in LaTeX
\c@r@tfl@t=\count178
\rotFPtop=\skip49
\rotFPbot=\skip50
\rot@float@box=\box45
\rot@mess@toks=\toks17
)
\c@@plots=\count179

(/usr/share/texlive/texmf-dist/tex/latex/subfig/subfig.sty
Package: subfig 2005/06/28 ver: 1.3 subfig package

(/usr/share/texlive/texmf-dist/tex/latex/caption/caption.sty
Package: caption 2020/01/03 v3.4h Customizing captions (AR)

(/usr/share/texlive/texmf-dist/tex/latex/caption/caption3.sty
Package: caption3 2020/01/03 v1.8h caption3 kernel (AR)
Package caption3 Info: TeX engine: e-TeX on input line 61.
\captionmargin=\dimen137
\captionmargin@=\dimen138
\captionwidth=\dimen139
\caption@tempdima=\dimen140
\caption@indent=\dimen141
\caption@parindent=\dimen142
\caption@hangindent=\dimen143
Package caption Info: Standard document class detected.
)
\c@caption@flags=\count180
\c@continuedfloat=\count181
Package caption Info: rotating package is loaded.
)
\c@KVtest=\count182
\sf@farskip=\skip51
\sf@captopadj=\dimen144
\sf@capskip=\skip52
\sf@nearskip=\skip53
\c@subfigure=\count183
\c@subfigure@save=\count184
\c@lofdepth=\count185
\c@subtable=\count186
\c@subtable@save=\count187
\c@lotdepth=\count188
\sf@top=\skip54
\sf@bottom=\skip55
)
\c@sub@fig=\count189
\c@@tabls=\count190

(/usr/share/texlive/texmf-dist/tex/latex/natbib/natbib.sty
Package: natbib 2010/09/13 8.31b (PWD, AO)
\bibhang=\skip56
\bibsep=\skip57
LaTeX Info: Redefining \cite on input line 694.
\c@NAT@ctr=\count191
)
LaTeX Info: Redefining \refname on input line 328.
\seg@abstract=\box46
\c@@append=\count192
)
(/usr/share/texlive/texmf-dist/tex/latex/l3backend/l3backend-pdfmode.def
File: l3backend-pdfmode.def 2020-02-03 L3 backend support: PDF mode
\l__kernel_color_stack_int=\count193
\l__pdf_internal_box=\box47
)
No file paper.aux.
\openout1 = `paper.aux'.

LaTeX Font Info:    Checking defaults for OML/cmm/m/it on input line 6.
LaTeX Font Info:    ... okay on input line 6.
LaTeX Font Info:    Checking defaults for OMS/cmsy/m/n on input line 6.
LaTeX Font Info:    ... okay on input line 6.
LaTeX Font Info:    Checking defaults for OT1/cmr/m/n on input line 6.
LaTeX Font Info:    ... okay on input line 6.
LaTeX Font Info:    Checking defaults for T1/cmr/m/n on input line 6.
LaTeX Font Info:    ... okay on input line 6.
LaTeX Font Info:    Checking defaults for TS1/cmr/m/n on input line 6.
LaTeX Font Info:    ... okay on input line 6.
LaTeX Font Info:    Checking defaults for OMX/cmex/m/n on input line 6.
LaTeX Font Info:    ... okay on input line 6.
LaTeX Font Info:    Checking defaults for U/cmr/m/n on input line 6.
LaTeX Font Info:    ... okay on input line 6.
(/usr/share/texlive/texmf-dist/tex/context/base/mkii/supp-pdf.mkii
[Loading MPS to PDF converter (version 2006.09.02).]
\scratchcounter=\count194
\scratchdimen=\dimen145
\scratchbox=\box48
\nofMPsegments=\count195
\nofMParguments=\count196
\everyMPshowfont=\toks18
\MPscratchCnt=\count197
\MPscratchDim=\dimen146
\MPnumerator=\count198
\makeMPintoPDFobject=\count199
\everyMPtoPDFconversion=\toks19
) (/usr/share/texlive/texmf-dist/tex/latex/epstopdf-pkg/epstopdf-base.sty
Package: epstopdf-base 2020-01-24 v2.11 Base part for package epstopdf
Package epstopdf-base Info: Redefining graphics rule for `.eps' on input line 4
85.

(/usr/share/texlive/texmf-dist/tex/latex/latexconfig/epstopdf-sys.cfg
File: epstopdf-sys.cfg 2010/07/13 v1.3 Configuration of (r)epstopdf for TeX Liv
e
))
Package caption Info: Begin \AtBeginDocument code.
Package caption Info: subfig package v1.3 is loaded.
Package caption Info: End \AtBeginDocument code.


Package natbib Warning: Citation `nemeth' on page 1 undefined on input line 18.



Package natbib Warning: Citation `ronen' on page 1 undefined on input line 18.


Package natbib Warning: Citation `dai' on page 1 undefined on input line 18.


Package natbib Warning: Citation `wang' on page 1 undefined on input line 18.


Package natbib Warning: Citation `wong' on page 1 undefined on input line 18.


Package natbib Warning: Citation `tarantola' on page 1 undefined on input line 
20.


Package natbib Warning: Citation `sun' on page 1 undefined on input line 20.


Package natbib Warning: Citation `xue' on page 1 undefined on input line 20.


Package natbib Warning: Citation `rickett' on page 1 undefined on input line 22
.


Package natbib Warning: Citation `guitton' on page 1 undefined on input line 22
.


Package natbib Warning: Citation `greer' on page 1 undefined on input line 22.


Package natbib Warning: Citation `hu2001' on page 1 undefined on input line 22.



Package natbib Warning: Citation `yu2006' on page 1 undefined on input line 22.



Package natbib Warning: Citation `aoki' on page 1 undefined on input line 22.


Package natbib Warning: Citation `kaur' on page 1 undefined on input line 22.


Package natbib Warning: Citation `miller1987' on page 1 undefined on input line
 24.


Package natbib Warning: Citation `bleistein1987' on page 1 undefined on input l
ine 24.


Package natbib Warning: Citation `hou15' on page 1 undefined on input line 24.


Package natbib Warning: Citation `hou16' on page 1 undefined on input line 24.


Package natbib Warning: Citation `versteeg1994' on page 1 undefined on input li
ne 28.

LaTeX Font Info:    External font `cmex10' loaded for size
(Font)              <12> on input line 35.
LaTeX Font Info:    External font `cmex10' loaded for size
(Font)              <8> on input line 35.
LaTeX Font Info:    External font `cmex10' loaded for size
(Font)              <6> on input line 35.
[1

{/var/lib/texmf/fonts/map/pdftex/updmap/pdftex.map}]

LaTeX Warning: Reference `eq:m2' on page 2 undefined on input line 45.


LaTeX Warning: Reference `eq:m2' on page 2 undefined on input line 60.


LaTeX Warning: Reference `eq:m3' on page 2 undefined on input line 69.

LaTeX Font Info:    External font `cmex10' loaded for size
(Font)              <14.4> on input line 80.
LaTeX Font Info:    External font `cmex10' loaded for size
(Font)              <7> on input line 80.

LaTeX Warning: Reference `eq:wfw' on page 2 undefined on input line 81.


! LaTeX Error: Environment split undefined.

See the LaTeX manual or LaTeX Companion for explanation.
Type  H <return>  for immediate help.
 ...                                              
                                                  
l.83 \begin{split}
                  
? 

! LaTeX Error: \begin{equation} on input line 82 ended by \end{split}.

See the LaTeX manual or LaTeX Companion for explanation.
Type  H <return>  for immediate help.
 ...                                              
                                                  
l.87 \end{split}
                
? 

! LaTeX Error: Environment bmatrix undefined.

See the LaTeX manual or LaTeX Companion for explanation.
Type  H <return>  for immediate help.
 ...                                              
                                                  
l.93 \begin{bmatrix}
                    
? 
! Misplaced alignment tab character &.
l.94 \mathbf{W} &
                  \mathbf{-I} & \mathbf{0} & \mathbf{0}\\
? 
! Misplaced alignment tab character &.
l.94 \mathbf{W} & \mathbf{-I} &
                                \mathbf{0} & \mathbf{0}\\
? 
! Misplaced alignment tab character &.
l.94 \mathbf{W} & \mathbf{-I} & \mathbf{0} &
                                             \mathbf{0}\\
? 
! Misplaced alignment tab character &.
l.95 \mathbf{0} &
                  \mathbf{\inv{F}W_{f}} \mathbf{F} & \mathbf{-I} & \mathbf{0}\\

? 
! Misplaced alignment tab character &.
l.95 ...bf{0} & \mathbf{\inv{F}W_{f}} \mathbf{F} &
                                                   \mathbf{-I} & \mathbf{0}\\
? 
! Misplaced alignment tab character &.
l.95 ...f{\inv{F}W_{f}} \mathbf{F} & \mathbf{-I} &
                                                   \mathbf{0}\\
? 
! Misplaced alignment tab character &.
l.96 \mathbf{0} &
                  \mathbf{0} & \mathbf{W}  & \mathbf{-I}
? 
! Misplaced alignment tab character &.
l.96 \mathbf{0} & \mathbf{0} &
                               \mathbf{W}  & \mathbf{-I}
? 
! Misplaced alignment tab character &.
l.96 \mathbf{0} & \mathbf{0} & \mathbf{W}  &
                                             \mathbf{-I}
? 

! LaTeX Error: \begin{equation} on input line 91 ended by \end{bmatrix}.

See the LaTeX manual or LaTeX Companion for explanation.
Type  H <return>  for immediate help.
 ...                                              
                                                  
l.97 \end{bmatrix}
                  
? 

! LaTeX Error: Environment bmatrix undefined.

See the LaTeX manual or LaTeX Companion for explanation.
Type  H <return>  for immediate help.
 ...                                              
                                                  
l.98 \begin{bmatrix}
                    
? 

! LaTeX Error: \begin{equation} on input line 91 ended by \end{bmatrix}.

See the LaTeX manual or LaTeX Companion for explanation.
Type  H <return>  for immediate help.
 ...                                              
                                                  
l.103 \end{bmatrix}
                   
? 
[2]

LaTeX Warning: Reference `res_chain' on page 3 undefined on input line 108.


! LaTeX Error: Environment bmatrix undefined.

See the LaTeX manual or LaTeX Companion for explanation.
Type  H <return>  for immediate help.
 ...                                              
                                                  
l.110 \begin{bmatrix}
                     
? 
! Misplaced alignment tab character &.
l.111 \mathbf{-I} &
                    \mathbf{0} & \mathbf{diag[m_1]} & \mathbf{0}\\
? 
! Misplaced alignment tab character &.
l.111 \mathbf{-I} & \mathbf{0} &
                                 \mathbf{diag[m_1]} & \mathbf{0}\\
? 
! Misplaced alignment tab character &.
l.111 ...f{-I} & \mathbf{0} & \mathbf{diag[m_1]} &
                                                   \mathbf{0}\\
? 
! Misplaced alignment tab character &.
l.112 \mathbf{\inv{F}W_{f}F} &
                               \mathbf{-I} & \mathbf{0} & \mathbf{\inv{F}dia...

? 
! Misplaced alignment tab character &.
l.112 \mathbf{\inv{F}W_{f}F} & \mathbf{-I} &
                                             \mathbf{0} & \mathbf{\inv{F}dia...

? 
! Misplaced alignment tab character &.
l.112 ...nv{F}W_{f}F} & \mathbf{-I} & \mathbf{0} &
                                                   \mathbf{\inv{F}diag[Fx_1]}\\

? 
! Misplaced alignment tab character &.
l.113 \mathbf{0} &
                   \mathbf{W} & \mathbf{diag[x_2]}  & \mathbf{0}
? 
! Misplaced alignment tab character &.
l.113 \mathbf{0} & \mathbf{W} &
                                \mathbf{diag[x_2]}  & \mathbf{0}
? 
! Misplaced alignment tab character &.
l.113 ...f{0} & \mathbf{W} & \mathbf{diag[x_2]}  &
                                                   \mathbf{0}
? 

! LaTeX Error: \begin{equation} on input line 109 ended by \end{bmatrix}.

See the LaTeX manual or LaTeX Companion for explanation.
Type  H <return>  for immediate help.
 ...                                              
                                                  
l.114 \end{bmatrix}
                   
? 

! LaTeX Error: Environment bmatrix undefined.

See the LaTeX manual or LaTeX Companion for explanation.
Type  H <return>  for immediate help.
 ...                                              
                                                  
l.115 \begin{bmatrix}
                     
? 

! LaTeX Error: \begin{equation} on input line 109 ended by \end{bmatrix}.

See the LaTeX manual or LaTeX Companion for explanation.
Type  H <return>  for immediate help.
 ...                                              
                                                  
l.120 \end{bmatrix}
                   
? 

LaTeX Warning: Reference `linearized_chain' on page 3 undefined on input line 1
24.


Package natbib Warning: Citation `shaping' on page 3 undefined on input line 12
4.


LaTeX Warning: Reference `res_chain' on page 3 undefined on input line 124.


Package natbib Warning: Citation `local' on page 3 undefined on input line 126.



! LaTeX Error: Environment split undefined.

See the LaTeX manual or LaTeX Companion for explanation.
Type  H <return>  for immediate help.
 ...                                              
                                                  
l.148 \begin{split}
                   
? 

! LaTeX Error: \begin{equation} on input line 147 ended by \end{split}.

See the LaTeX manual or LaTeX Companion for explanation.
Type  H <return>  for immediate help.
 ...                                              
                                                  
l.151 \end{split}
                 
? 

LaTeX Warning: Reference `sol_y' on page 3 undefined on input line 158.


Package natbib Warning: There were undefined citations.

[3] [4] (./paper.aux)

LaTeX Warning: There were undefined references.


LaTeX Warning: Label(s) may have changed. Rerun to get cross-references right.

 ) 
Here is how much of TeX's memory you used:
 3142 strings out of 483140
 48299 string characters out of 5965152
 283288 words of memory out of 5000000
 18162 multiletter control sequences out of 15000+600000
 538187 words of font info for 43 fonts, out of 8000000 for 9000
 36 hyphenation exceptions out of 8191
 60i,7n,54p,894b,150s stack positions out of 5000i,500n,10000p,200000b,80000s
</usr/share/texlive/texmf-dist/fonts/type1/public/amsfonts/cm/cmbx10.pfb></us
r/share/texlive/texmf-dist/fonts/type1/public/amsfonts/cm/cmbx12.pfb></usr/shar
e/texlive/texmf-dist/fonts/type1/public/amsfonts/cm/cmbx8.pfb></usr/share/texli
ve/texmf-dist/fonts/type1/public/amsfonts/cm/cmex10.pfb></usr/share/texlive/tex
mf-dist/fonts/type1/public/amsfonts/cm/cmmi12.pfb></usr/share/texlive/texmf-dis
t/fonts/type1/public/amsfonts/cm/cmmi8.pfb></usr/share/texlive/texmf-dist/fonts
/type1/public/amsfonts/cm/cmr12.pfb></usr/share/texlive/texmf-dist/fonts/type1/
public/amsfonts/cm/cmr6.pfb></usr/share/texlive/texmf-dist/fonts/type1/public/a
msfonts/cm/cmr8.pfb></usr/share/texlive/texmf-dist/fonts/type1/public/amsfonts/
cm/cmsy10.pfb></usr/share/texlive/texmf-dist/fonts/type1/public/amsfonts/cm/cms
y6.pfb></usr/share/texlive/texmf-dist/fonts/type1/public/amsfonts/cm/cmsy8.pfb>
</usr/share/texlive/texmf-dist/fonts/type1/public/amsfonts/cm/cmti12.pfb>
Output written on paper.pdf (4 pages, 127272 bytes).
PDF statistics:
 69 PDF objects out of 1000 (max. 8388607)
 49 compressed objects within 1 object stream
 0 named destinations out of 1000 (max. 500000)
 1 words of extra memory for PDF output out of 10000 (max. 10000000)

